SenseHat module not found.
start musical ball
cpu count 4
sensor not available
3 seconds acceleration data, idle
0 0.0
0.02 0.0
0.04 0.0
0.06 0.0
0.08 0.0
0.1 0.0
0.13 0.0
0.15 0.0
0.17 0.0
0.19 0.0
0.21 0.0
0.24 0.0
0.26 0.0
0.28 0.0
0.3 0.0
0.32 0.0
0.34 0.0
0.36 0.0
0.38 0.0
0.4 0.0
0.43 0.0
0.45 0.0
0.47 0.0
0.49 0.0
0.51 0.0
0.53 0.0
0.55 0.0
0.57 0.0
0.6 0.0
0.62 0.0
0.64 0.0
0.66 0.0
0.68 0.0
0.7 0.0
0.72 0.0
0.74 0.0
0.76 0.0
0.78 0.0
0.81 0.0
0.83 0.0
0.86 0.0
0.88 0.0
0.91 0.0
0.93 0.0
0.95 0.0
0.97 0.0
0.99 0.0
1.01 0.0
1.03 0.0
1.05 0.0
1.07 0.0
1.1 0.0
1.12 0.0
1.14 0.0
1.16 0.0
1.18 0.0
1.2 0.0
1.22 0.0
1.24 0.0
1.28 0.0
1.3 0.0
1.33 0.0
1.35 0.0
1.37 0.0
1.39 0.0
1.41 0.0
1.43 0.0
1.45 0.0
1.47 0.0
1.49 0.0
1.52 0.0
1.54 0.0
1.56 0.0
1.58 0.0
1.6 0.0
1.62 0.0
1.64 0.0
1.66 0.0
1.68 0.0
1.7 0.0
1.72 0.0
1.74 0.0
1.76 0.0
1.79 0.0
1.81 0.0
1.83 0.0
1.85 0.0
1.87 0.0
1.89 0.0
1.92 0.0
1.94 0.0
1.96 0.0
1.98 0.0
2.0 0.0
2.02 0.0
2.04 0.0
2.06 0.0
2.09 0.0
2.11 0.0
2.13 0.0
2.15 0.0
2.17 0.0
2.19 0.0
2.21 0.0
2.24 0.0
2.26 0.0
2.29 0.0
2.31 0.0
2.33 0.0
2.36 0.0
2.38 0.0
2.4 0.0
2.42 0.0
2.44 0.0
2.46 0.0
2.48 0.0
2.5 0.0
2.52 0.0
2.54 0.0
2.56 0.0
2.58 0.0
2.6 0.0
2.62 0.0
2.67 0.0
2.72 0.0
2.74 0.0
2.76 0.0
2.78 0.0
2.8 0.0
2.82 0.0
2.84 0.0
2.87 0.0
2.89 0.0
2.92 0.0
2.94 0.0
2.97 0.0
2.99 0.0
end record
